<?xml version="1.0" encoding="UTF-8"?>
<!-- Generated by org.testng.reporters.JUnitXMLReporter -->
<testsuite hostname="PUNRAZ.local" name="ChromeTest" tests="1" failures="0" timestamp="17 Aug 2014 23:23:56 GMT" time="69.326" errors="0">
  <testcase name="@BeforeMethod getToStep1GuestCheckout" time="0.0" classname="com.quiksilver.test.GuestCheckoutExpressAmexTest">
    <failure type="org.openqa.selenium.TimeoutException" message="Timed out after 15 seconds waiting for presence of element located by: By.xpath: //a[contains(@href,&amp;apos;en_US/Cart-Show&amp;apos;)]
Build info: version: &amp;apos;2.42.2&amp;apos;, revision: &amp;apos;6a6995d31c7c56c340d6f45a76976d43506cd6cc&amp;apos;, time: &amp;apos;2014-06-03 10:52:47&amp;apos;
System info: host: &amp;apos;PUNRAZ.local&amp;apos;, ip: &amp;apos;192.168.0.2&amp;apos;, os.name: &amp;apos;Mac OS X&amp;apos;, os.arch: &amp;apos;x86_64&amp;apos;, os.version: &amp;apos;10.7.5&amp;apos;, java.version: &amp;apos;1.6.0_65&amp;apos;
Driver info: driver.version: unknown">
      <![CDATA[org.openqa.selenium.TimeoutException: Timed out after 15 seconds waiting for presence of element located by: By.xpath: //a[contains(@href,'en_US/Cart-Show')]
Build info: version: '2.42.2', revision: '6a6995d31c7c56c340d6f45a76976d43506cd6cc', time: '2014-06-03 10:52:47'
System info: host: 'PUNRAZ.local', ip: '192.168.0.2', os.name: 'Mac OS X', os.arch: 'x86_64', os.version: '10.7.5', java.version: '1.6.0_65'
Driver info: driver.version: unknown
	at org.openqa.selenium.support.ui.FluentWait.timeoutException(FluentWait.java:259)
	at org.openqa.selenium.support.ui.FluentWait.until(FluentWait.java:228)
	at com.quiksilver.util.CommonMethods.fromMiniCartToCart(CommonMethods.java:1589)
	at com.quiksilver.test.GuestCheckoutExpressAmexTest.getToStep1GuestCheckout(GuestCheckoutExpressAmexTest.java:64)
Caused by: org.openqa.selenium.NoSuchElementException: no such element
  (Session info: chrome=36.0.1985.143)
  (Driver info: chromedriver=2.9.248307,platform=Mac OS X 10.7.5 x86_64) (WARNING: The server did not provide any stacktrace information)
Command duration or timeout: 6 milliseconds
For documentation on this error, please visit: http://seleniumhq.org/exceptions/no_such_element.html
Build info: version: '2.42.2', revision: '6a6995d31c7c56c340d6f45a76976d43506cd6cc', time: '2014-06-03 10:52:47'
System info: host: 'PUNRAZ.local', ip: '192.168.0.2', os.name: 'Mac OS X', os.arch: 'x86_64', os.version: '10.7.5', java.version: '1.6.0_65'
Session ID: c975849cba282a334a2c14fd7bb2e8a1
Driver info: org.openqa.selenium.chrome.ChromeDriver
Capabilities [{platform=MAC, acceptSslCerts=true, javascriptEnabled=true, browserName=chrome, chrome={userDataDir=/var/folders/vv/30lw1_z968g34f959mr38g3m0000gp/T/.org.chromium.Chromium.aRozld}, rotatable=false, locationContextEnabled=true, version=36.0.1985.143, takesHeapSnapshot=true, cssSelectorsEnabled=true, databaseEnabled=false, handlesAlerts=true, browserConnectionEnabled=false, nativeEvents=true, webStorageEnabled=true, applicationCacheEnabled=false, takesScreenshot=true}]
	at org.openqa.selenium.remote.ErrorHandler.createThrowable(ErrorHandler.java:193)
	at org.openqa.selenium.remote.ErrorHandler.throwIfResponseFailed(ErrorHandler.java:145)
	at org.openqa.selenium.remote.RemoteWebDriver.execute(RemoteWebDriver.java:554)
	at org.openqa.selenium.remote.RemoteWebDriver.findElement(RemoteWebDriver.java:307)
	at org.openqa.selenium.remote.RemoteWebDriver.findElementByXPath(RemoteWebDriver.java:404)
	at org.openqa.selenium.By$ByXPath.findElement(By.java:357)
	at org.openqa.selenium.remote.RemoteWebDriver.findElement(RemoteWebDriver.java:299)
	at org.openqa.selenium.support.ui.ExpectedConditions.findElement(ExpectedConditions.java:730)
	at org.openqa.selenium.support.ui.ExpectedConditions.access$000(ExpectedConditions.java:39)
	at org.openqa.selenium.support.ui.ExpectedConditions$3.apply(ExpectedConditions.java:106)
	at org.openqa.selenium.support.ui.ExpectedConditions$3.apply(ExpectedConditions.java:103)
	at org.openqa.selenium.support.ui.FluentWait.until(FluentWait.java:208)
	... 28 more
... Removed 29 stack frames]]>
    </failure>
  </testcase> <!-- @BeforeMethod getToStep1GuestCheckout -->
  <testcase name="testGuestCheckoutAmex" time="0.0010" classname="com.quiksilver.test.GuestCheckoutExpressAmexTest">
    <skipped/>
  </testcase> <!-- testGuestCheckoutAmex -->
</testsuite> <!-- ChromeTest -->
