<?xml version="1.0" encoding="UTF-8"?>
<testsuite hostname="PUNRAZ.local" name="com.quiksilver.test.AddToWishListPdpTest" tests="1" failures="1" timestamp="14 Jul 2014 01:46:01 GMT" time="93.165" errors="0">
  <testcase name="saveForLaterPDP" time="74.814" classname="com.quiksilver.test.AddToWishListPdpTest">
    <failure type="java.lang.NoClassDefFoundError" message="org/openqa/selenium/html5/BrowserConnection">
      <![CDATA[java.lang.NoClassDefFoundError: org/openqa/selenium/html5/BrowserConnection
	at org.openqa.selenium.remote.html5.AddBrowserConnection.getDescribedInterface(AddBrowserConnection.java:34)
	at org.openqa.selenium.remote.Augmenter.determineAugmentation(Augmenter.java:117)
	at org.openqa.selenium.remote.Augmenter.create(Augmenter.java:51)
	at org.openqa.selenium.remote.BaseAugmenter.augment(BaseAugmenter.java:114)
	at com.quiksilver.util.TakeScreenshot.takeScreenshot(TakeScreenshot.java:29)
	at com.quiksilver.test.AddToWishListPdpTest.saveForLaterPDP(AddToWishListPdpTest.java:44)
	at org.apache.maven.surefire.testng.TestNGExecutor.run(TestNGExecutor.java:217)
	at org.apache.maven.surefire.testng.TestNGXmlTestSuite.execute(TestNGXmlTestSuite.java:84)
	at org.apache.maven.surefire.testng.TestNGProvider.invoke(TestNGProvider.java:92)
	at org.apache.maven.surefire.booter.ForkedBooter.invokeProviderInSameClassLoader(ForkedBooter.java:200)
	at org.apache.maven.surefire.booter.ForkedBooter.runSuitesInProcess(ForkedBooter.java:153)
	at org.apache.maven.surefire.booter.ForkedBooter.main(ForkedBooter.java:103)
Caused by: java.lang.ClassNotFoundException: org.openqa.selenium.html5.BrowserConnection
	at java.net.URLClassLoader$1.run(URLClassLoader.java:366)
	at java.net.URLClassLoader$1.run(URLClassLoader.java:355)
	at java.security.AccessController.doPrivileged(Native Method)
	at java.net.URLClassLoader.findClass(URLClassLoader.java:354)
	at java.lang.ClassLoader.loadClass(ClassLoader.java:423)
	at sun.misc.Launcher$AppClassLoader.loadClass(Launcher.java:308)
	at java.lang.ClassLoader.loadClass(ClassLoader.java:356)
	... 34 more
... Removed 22 stack frames]]>
    </failure>
  </testcase>
</testsuite>
