<?xml version="1.0" encoding="UTF-8"?>
<testsuite name="TestSuite" time="172.606" tests="3" errors="0" skipped="1" failures="2">
  <properties>
    <property name="java.runtime.name" value="Java(TM) SE Runtime Environment"/>
    <property name="sun.boot.library.path" value="/Library/Java/JavaVirtualMachines/jdk1.7.0_07.jdk/Contents/Home/jre/lib"/>
    <property name="java.vm.version" value="23.3-b01"/>
    <property name="gopherProxySet" value="false"/>
    <property name="java.vm.vendor" value="Oracle Corporation"/>
    <property name="java.vendor.url" value="http://java.oracle.com/"/>
    <property name="path.separator" value=":"/>
    <property name="guice.disable.misplaced.annotation.check" value="true"/>
    <property name="java.vm.name" value="Java HotSpot(TM) 64-Bit Server VM"/>
    <property name="file.encoding.pkg" value="sun.io"/>
    <property name="user.country" value="US"/>
    <property name="sun.java.launcher" value="SUN_STANDARD"/>
    <property name="sun.os.patch.level" value="unknown"/>
    <property name="java.vm.specification.name" value="Java Virtual Machine Specification"/>
    <property name="user.dir" value="/Users/vpeter/Desktop/eclipse/TestScripts/QUIKMVN"/>
    <property name="java.runtime.version" value="1.7.0_07-b10"/>
    <property name="java.awt.graphicsenv" value="sun.awt.CGraphicsEnvironment"/>
    <property name="java.endorsed.dirs" value="/Library/Java/JavaVirtualMachines/jdk1.7.0_07.jdk/Contents/Home/jre/lib/endorsed"/>
    <property name="os.arch" value="x86_64"/>
    <property name="java.io.tmpdir" value="/var/folders/vv/30lw1_z968g34f959mr38g3m0000gp/T/"/>
    <property name="line.separator" value="&#10;"/>
    <property name="java.vm.specification.vendor" value="Oracle Corporation"/>
    <property name="os.name" value="Mac OS X"/>
    <property name="classworlds.conf" value="/usr/share/maven/bin/m2.conf"/>
    <property name="sun.jnu.encoding" value="UTF-8"/>
    <property name="java.library.path" value="/Users/vpeter/Library/Java/Extensions:/Library/Java/Extensions:/Network/Library/Java/Extensions:/System/Library/Java/Extensions:/usr/lib/java:."/>
    <property name="java.specification.name" value="Java Platform API Specification"/>
    <property name="java.class.version" value="51.0"/>
    <property name="sun.management.compiler" value="HotSpot 64-Bit Tiered Compilers"/>
    <property name="os.version" value="10.7.5"/>
    <property name="http.nonProxyHosts" value="local|*.local|169.254/16|*.169.254/16"/>
    <property name="user.home" value="/Users/vpeter"/>
    <property name="user.timezone" value="America/Los_Angeles"/>
    <property name="java.awt.printerjob" value="sun.lwawt.macosx.CPrinterJob"/>
    <property name="java.specification.version" value="1.7"/>
    <property name="file.encoding" value="UTF-8"/>
    <property name="user.name" value="vpeter"/>
    <property name="java.class.path" value="/usr/share/maven/boot/plexus-classworlds-2.4.jar"/>
    <property name="java.vm.specification.version" value="1.7"/>
    <property name="sun.arch.data.model" value="64"/>
    <property name="java.home" value="/Library/Java/JavaVirtualMachines/jdk1.7.0_07.jdk/Contents/Home/jre"/>
    <property name="sun.java.command" value="org.codehaus.plexus.classworlds.launcher.Launcher test"/>
    <property name="java.specification.vendor" value="Oracle Corporation"/>
    <property name="user.language" value="en"/>
    <property name="awt.toolkit" value="sun.lwawt.macosx.LWCToolkit"/>
    <property name="java.vm.info" value="mixed mode"/>
    <property name="java.version" value="1.7.0_07"/>
    <property name="java.ext.dirs" value="/Users/vpeter/Library/Java/Extensions:/Library/Java/JavaVirtualMachines/jdk1.7.0_07.jdk/Contents/Home/jre/lib/ext:/Library/Java/Extensions:/Network/Library/Java/Extensions:/System/Library/Java/Extensions:/usr/lib/java"/>
    <property name="sun.boot.class.path" value="/Library/Java/JavaVirtualMachines/jdk1.7.0_07.jdk/Contents/Home/jre/lib/resources.jar:/Library/Java/JavaVirtualMachines/jdk1.7.0_07.jdk/Contents/Home/jre/lib/rt.jar:/Library/Java/JavaVirtualMachines/jdk1.7.0_07.jdk/Contents/Home/jre/lib/sunrsasign.jar:/Library/Java/JavaVirtualMachines/jdk1.7.0_07.jdk/Contents/Home/jre/lib/jsse.jar:/Library/Java/JavaVirtualMachines/jdk1.7.0_07.jdk/Contents/Home/jre/lib/jce.jar:/Library/Java/JavaVirtualMachines/jdk1.7.0_07.jdk/Contents/Home/jre/lib/charsets.jar:/Library/Java/JavaVirtualMachines/jdk1.7.0_07.jdk/Contents/Home/jre/lib/jfr.jar:/Library/Java/JavaVirtualMachines/jdk1.7.0_07.jdk/Contents/Home/jre/lib/JObjC.jar:/Library/Java/JavaVirtualMachines/jdk1.7.0_07.jdk/Contents/Home/jre/classes"/>
    <property name="java.vendor" value="Oracle Corporation"/>
    <property name="maven.home" value="/usr/share/maven"/>
    <property name="file.separator" value="/"/>
    <property name="java.vendor.url.bug" value="http://bugreport.sun.com/bugreport/"/>
    <property name="sun.cpu.endian" value="little"/>
    <property name="sun.io.unicode.encoding" value="UnicodeBig"/>
    <property name="socksNonProxyHosts" value="local|*.local|169.254/16|*.169.254/16"/>
    <property name="ftp.nonProxyHosts" value="local|*.local|169.254/16|*.169.254/16"/>
    <property name="sun.cpu.isalist" value=""/>
  </properties>
  <testcase name="saveForLaterPDP" classname="com.quiksilver.test.AddToWishListPdpTest" time="74.82">
    <failure message="org/openqa/selenium/html5/BrowserConnection" type="java.lang.NoClassDefFoundError">java.lang.NoClassDefFoundError: org/openqa/selenium/html5/BrowserConnection
	at java.net.URLClassLoader$1.run(URLClassLoader.java:366)
	at java.net.URLClassLoader$1.run(URLClassLoader.java:355)
	at java.security.AccessController.doPrivileged(Native Method)
	at java.net.URLClassLoader.findClass(URLClassLoader.java:354)
	at java.lang.ClassLoader.loadClass(ClassLoader.java:423)
	at sun.misc.Launcher$AppClassLoader.loadClass(Launcher.java:308)
	at java.lang.ClassLoader.loadClass(ClassLoader.java:356)
	at org.openqa.selenium.remote.html5.AddBrowserConnection.getDescribedInterface(AddBrowserConnection.java:34)
	at org.openqa.selenium.remote.Augmenter.determineAugmentation(Augmenter.java:117)
	at org.openqa.selenium.remote.Augmenter.create(Augmenter.java:51)
	at org.openqa.selenium.remote.BaseAugmenter.augment(BaseAugmenter.java:114)
	at com.quiksilver.util.TakeScreenshot.takeScreenshot(TakeScreenshot.java:29)
	at com.quiksilver.test.AddToWishListPdpTest.saveForLaterPDP(AddToWishListPdpTest.java:44)
</failure>
    <system-out><![CDATA[path is /Users/vpeter/Desktop/eclipse/TestScripts/QUIKMVN/config.properties
Successfully read from config.properties file <or.path>
path is /Users/vpeter/Desktop/eclipse/TestScripts/QUIKMVN/config.properties
Successfully read from config.properties file <or.path>
path is /Users/vpeter/Desktop/eclipse/TestScripts/QUIKMVN/config.properties
path is /Users/vpeter/Desktop/eclipse/TestScripts/QUIKMVN/config.properties
Successfully read from config.properties file <submittedorders.path>
path is /Users/vpeter/Desktop/eclipse/TestScripts/QUIKMVN/config.properties
Successfully read from config.properties file <createdaccounts.path>
path is /Users/vpeter/Desktop/eclipse/TestScripts/QUIKMVN/config.properties
Successfully read from config.properties file <staging>
path is /Users/vpeter/Desktop/eclipse/TestScripts/QUIKMVN/config.properties
Successfully read from config.properties file <production>
path is /Users/vpeter/Desktop/eclipse/TestScripts/QUIKMVN/config.properties
Successfully read from config.properties file <staging_dcshoes>
path is /Users/vpeter/Desktop/eclipse/TestScripts/QUIKMVN/config.properties
Successfully read from config.properties file <production_dcshoes>
path is /Users/vpeter/Desktop/eclipse/TestScripts/QUIKMVN/config.properties
Successfully read from config.properties file <fail.screenshot.path>
path is /Users/vpeter/Desktop/eclipse/TestScripts/QUIKMVN/config.properties
Successfully read from config.properties file <pass.screenshot.path>
path is /Users/vpeter/Desktop/eclipse/TestScripts/QUIKMVN/config.properties
Successfully read from config.properties file <usergen.screenshot.path>
path is /Users/vpeter/Desktop/eclipse/TestScripts/QUIKMVN/config.properties
Successfully read from config.properties file <fail.screenshot.path>
path is /Users/vpeter/Desktop/eclipse/TestScripts/QUIKMVN/config.properties
Successfully read from config.properties file <pass.screenshot.path>
path is /Users/vpeter/Desktop/eclipse/TestScripts/QUIKMVN/config.properties
Successfully read from config.properties file <usergen.screenshot.path>
path is /Users/vpeter/Desktop/eclipse/TestScripts/QUIKMVN/config.properties
Successfully read from config.properties file <staging>
path is /Users/vpeter/Desktop/eclipse/TestScripts/QUIKMVN/config.properties
Successfully read from config.properties file <production>
path is /Users/vpeter/Desktop/eclipse/TestScripts/QUIKMVN/config.properties
Successfully read from config.properties file <staging_dcshoes>
path is /Users/vpeter/Desktop/eclipse/TestScripts/QUIKMVN/config.properties
Successfully read from config.properties file <production_dcshoes>
path is /Users/vpeter/Desktop/eclipse/TestScripts/QUIKMVN/config.properties
Successfully read from config.properties file <staging_dcshoesUS>
path is /Users/vpeter/Desktop/eclipse/TestScripts/QUIKMVN/config.properties
path is /Users/vpeter/Desktop/eclipse/TestScripts/QUIKMVN/config.properties
path is /Users/vpeter/Desktop/eclipse/TestScripts/QUIKMVN/config.properties
Successfully read from config.properties file <hotmail>
path is /Users/vpeter/Desktop/eclipse/TestScripts/QUIKMVN/config.properties
Successfully read from config.properties file <password_hotmail>
path is /Users/vpeter/Desktop/eclipse/TestScripts/QUIKMVN/config.properties
Successfully read from config.properties file <or.path>
path is /Users/vpeter/Desktop/eclipse/TestScripts/QUIKMVN/config.properties
Successfully read from config.properties file <or.path>
path is /Users/vpeter/Desktop/eclipse/TestScripts/QUIKMVN/config.properties
Successfully read from config.properties file <submittedorders.path>
path is /Users/vpeter/Desktop/eclipse/TestScripts/QUIKMVN/config.properties
Successfully read from config.properties file <createdaccounts.path>
path is /Users/vpeter/Desktop/eclipse/TestScripts/QUIKMVN/config.properties
Successfully read from config.properties file <staging>
path is /Users/vpeter/Desktop/eclipse/TestScripts/QUIKMVN/config.properties
Successfully read from config.properties file <production>
path is /Users/vpeter/Desktop/eclipse/TestScripts/QUIKMVN/config.properties
Successfully read from config.properties file <staging_dcshoes>
path is /Users/vpeter/Desktop/eclipse/TestScripts/QUIKMVN/config.properties
Successfully read from config.properties file <production_dcshoes>
path is /Users/vpeter/Desktop/eclipse/TestScripts/QUIKMVN/config.properties
Successfully read from config.properties file <fail.screenshot.path>
path is /Users/vpeter/Desktop/eclipse/TestScripts/QUIKMVN/config.properties
Successfully read from config.properties file <pass.screenshot.path>
path is /Users/vpeter/Desktop/eclipse/TestScripts/QUIKMVN/config.properties
Successfully read from config.properties file <usergen.screenshot.path>
path is /Users/vpeter/Desktop/eclipse/TestScripts/QUIKMVN/config.properties
Successfully read from config.properties file <fail.screenshot.path>
path is /Users/vpeter/Desktop/eclipse/TestScripts/QUIKMVN/config.properties
Successfully read from config.properties file <pass.screenshot.path>
path is /Users/vpeter/Desktop/eclipse/TestScripts/QUIKMVN/config.properties
Successfully read from config.properties file <usergen.screenshot.path>
path is /Users/vpeter/Desktop/eclipse/TestScripts/QUIKMVN/config.properties
Successfully read from config.properties file <staging>
path is /Users/vpeter/Desktop/eclipse/TestScripts/QUIKMVN/config.properties
Successfully read from config.properties file <production>
path is /Users/vpeter/Desktop/eclipse/TestScripts/QUIKMVN/config.properties
Successfully read from config.properties file <staging_dcshoes>
path is /Users/vpeter/Desktop/eclipse/TestScripts/QUIKMVN/config.properties
Successfully read from config.properties file <production_dcshoes>
path is /Users/vpeter/Desktop/eclipse/TestScripts/QUIKMVN/config.properties
Successfully read from config.properties file <staging_dcshoesUS>
path is /Users/vpeter/Desktop/eclipse/TestScripts/QUIKMVN/config.properties
path is /Users/vpeter/Desktop/eclipse/TestScripts/QUIKMVN/config.properties
path is /Users/vpeter/Desktop/eclipse/TestScripts/QUIKMVN/config.properties
Successfully read from config.properties file <hotmail>
path is /Users/vpeter/Desktop/eclipse/TestScripts/QUIKMVN/config.properties
Successfully read from config.properties file <password_hotmail>
Geo popup not triggered/present
NOT logged in. Logout link is not present 
Logging in using email:software_test22@hotmail.com and password: fluid
Using email software_test22@hotmail.com password fluid
On subcategory page title is 'Mens T Shirt Collection - DC Shoes'
linkOmni.size()=48
pdp_saveforlatercss)).getText()=Save for Later
]]></system-out>
    <system-err><![CDATA[log4j:WARN No appenders could be found for logger (myLogger).
log4j:WARN Please initialize the log4j system properly.
log4j:WARN See http://logging.apache.org/log4j/1.2/faq.html#noconfig for more info.
]]></system-err>
  </testcase>
  <testcase name="getToStep1GuestCheckout" classname="com.quiksilver.test.GuestCheckoutExpressAmexTest" time="97.786">
    <failure message="no such element&#10;  (Session info: chrome=35.0.1916.153)&#10;  (Driver info: chromedriver=2.9.248307,platform=Mac OS X 10.7.5 x86_64) (WARNING: The server did not provide any stacktrace information)&#10;Command duration or timeout: 72 milliseconds&#10;For documentation on this error, please visit: http://seleniumhq.org/exceptions/no_such_element.html&#10;Build info: version: &apos;2.42.2&apos;, revision: &apos;6a6995d31c7c56c340d6f45a76976d43506cd6cc&apos;, time: &apos;2014-06-03 10:52:47&apos;&#10;System info: host: &apos;PUNRAZ.local&apos;, ip: &apos;10.37.129.2&apos;, os.name: &apos;Mac OS X&apos;, os.arch: &apos;x86_64&apos;, os.version: &apos;10.7.5&apos;, java.version: &apos;1.7.0_07&apos;&#10;Session ID: 49f545ee9b43b7603b53f0a386ce121e&#10;Driver info: org.openqa.selenium.chrome.ChromeDriver&#10;Capabilities [{platform=MAC, acceptSslCerts=true, javascriptEnabled=true, browserName=chrome, chrome={userDataDir=/var/folders/vv/30lw1_z968g34f959mr38g3m0000gp/T/.org.chromium.Chromium.iLKO4m}, rotatable=false, locationContextEnabled=true, version=35.0.1916.153, takesHeapSnapshot=true, cssSelectorsEnabled=true, databaseEnabled=false, handlesAlerts=true, browserConnectionEnabled=false, nativeEvents=true, webStorageEnabled=true, applicationCacheEnabled=false, takesScreenshot=true}]" type="org.openqa.selenium.NoSuchElementException">org.openqa.selenium.NoSuchElementException: no such element
  (Session info: chrome=35.0.1916.153)
  (Driver info: chromedriver=2.9.248307,platform=Mac OS X 10.7.5 x86_64) (WARNING: The server did not provide any stacktrace information)
Command duration or timeout: 72 milliseconds
For documentation on this error, please visit: http://seleniumhq.org/exceptions/no_such_element.html
Build info: version: '2.42.2', revision: '6a6995d31c7c56c340d6f45a76976d43506cd6cc', time: '2014-06-03 10:52:47'
System info: host: 'PUNRAZ.local', ip: '10.37.129.2', os.name: 'Mac OS X', os.arch: 'x86_64', os.version: '10.7.5', java.version: '1.7.0_07'
Session ID: 49f545ee9b43b7603b53f0a386ce121e
Driver info: org.openqa.selenium.chrome.ChromeDriver
Capabilities [{platform=MAC, acceptSslCerts=true, javascriptEnabled=true, browserName=chrome, chrome={userDataDir=/var/folders/vv/30lw1_z968g34f959mr38g3m0000gp/T/.org.chromium.Chromium.iLKO4m}, rotatable=false, locationContextEnabled=true, version=35.0.1916.153, takesHeapSnapshot=true, cssSelectorsEnabled=true, databaseEnabled=false, handlesAlerts=true, browserConnectionEnabled=false, nativeEvents=true, webStorageEnabled=true, applicationCacheEnabled=false, takesScreenshot=true}]
	at sun.reflect.NativeConstructorAccessorImpl.newInstance0(Native Method)
	at sun.reflect.NativeConstructorAccessorImpl.newInstance(NativeConstructorAccessorImpl.java:57)
	at sun.reflect.DelegatingConstructorAccessorImpl.newInstance(DelegatingConstructorAccessorImpl.java:45)
	at java.lang.reflect.Constructor.newInstance(Constructor.java:525)
	at org.openqa.selenium.remote.ErrorHandler.createThrowable(ErrorHandler.java:193)
	at org.openqa.selenium.remote.ErrorHandler.throwIfResponseFailed(ErrorHandler.java:145)
	at org.openqa.selenium.remote.RemoteWebDriver.execute(RemoteWebDriver.java:554)
	at org.openqa.selenium.remote.RemoteWebDriver.findElement(RemoteWebDriver.java:307)
	at org.openqa.selenium.remote.RemoteWebDriver.findElementByXPath(RemoteWebDriver.java:404)
	at org.openqa.selenium.By$ByXPath.findElement(By.java:357)
	at org.openqa.selenium.remote.RemoteWebDriver.findElement(RemoteWebDriver.java:299)
	at com.quiksilver.util.CommonMethods.subcatPageHoverOnProductClickExpressLink(CommonMethods.java:1012)
	at com.quiksilver.test.GuestCheckoutExpressAmexTest.getToStep1GuestCheckout(GuestCheckoutExpressAmexTest.java:39)
</failure>
    <system-out><![CDATA[Geo popup not triggered/present
NOT logged in. Logout link is not present 
]]></system-out>
    <system-err><![CDATA[Startobjc[1814]: Object 0x7a684if20ng ChromeD oriver (v2f.9.248 307) on pocrt 4188l1
ass NSThread autoreleased with no pool in place - just leaking - break on objc_autoreleaseNoPool() to debug
]]></system-err>
  </testcase>
  <testcase name="testGuestCheckoutAmex" classname="com.quiksilver.test.GuestCheckoutExpressAmexTest" time="0">
    <skipped/>
  </testcase>
</testsuite>