<?xml version="1.0" encoding="UTF-8"?>
<testng-results skipped="1" failed="0" total="1" passed="0">
  <reporter-output>
    <line>
      <![CDATA[Currently testing URL: data:,]]>
    </line>
    <line>
      <![CDATA[On Home page title is DC Shoes | Skate & Snowboard Quality Clothing]]>
    </line>
    <line>
      <![CDATA[On Subcat page title is Mens T-Shirts: Short and Long Sleeve Tees - DC Shoes]]>
    </line>
    <line>
      <![CDATA[On subcategory page title is 'Mens T-Shirts: Short and Long Sleeve Tees - DC Shoes']]>
    </line>
    <line>
      <![CDATA[On PDP page title is dcshoes RD UNIVERSITY TEE ADYZT03025 - DC Shoes]]>
    </line>
    <line>
      <![CDATA[None of the sizes are available for this product]]>
    </line>
  </reporter-output>
  <suite name="Multibrowser_DC_Quiksilver" duration-ms="55823" started-at="2014-08-11T05:46:28Z" finished-at="2014-08-11T05:47:23Z">
    <groups>
    </groups>
    <test name="FirefoxTest" duration-ms="4" started-at="2014-08-11T05:46:28Z" finished-at="2014-08-11T05:46:28Z">
    </test> <!-- FirefoxTest -->
    <test name="ChromeTest" duration-ms="55788" started-at="2014-08-11T05:46:28Z" finished-at="2014-08-11T05:47:23Z">
      <class name="com.quiksilver.test.GuestVisaCheckoutTest">
        <test-method status="PASS" signature="beforeTest(java.lang.String)[pri:0, instance:com.quiksilver.test.GuestVisaCheckoutTest@4737371]" name="beforeTest" is-config="true" duration-ms="2495" started-at="2014-08-10T22:46:28Z" finished-at="2014-08-10T22:46:30Z">
          <params>
            <param index="0">
              <value>
                <![CDATA[chrome]]>
              </value>
            </param>
          </params>
          <reporter-output>
            <line>
              <![CDATA[Currently testing URL: data:,]]>
            </line>
          </reporter-output>
        </test-method> <!-- beforeTest -->
        <test-method status="PASS" signature="getToHome(java.lang.String)[pri:0, instance:com.quiksilver.test.GuestVisaCheckoutTest@4737371]" name="getToHome" is-config="true" duration-ms="3589" started-at="2014-08-10T22:46:30Z" finished-at="2014-08-10T22:46:34Z">
          <params>
            <param index="0">
              <value>
                <![CDATA[stagingDC_US]]>
              </value>
            </param>
          </params>
          <reporter-output>
          </reporter-output>
        </test-method> <!-- getToHome -->
        <test-method status="FAIL" signature="getToStep1()[pri:0, instance:com.quiksilver.test.GuestVisaCheckoutTest@4737371]" name="getToStep1" is-config="true" duration-ms="0" started-at="2014-08-10T22:46:34Z" finished-at="2014-08-10T22:46:34Z">
          <exception class="org.openqa.selenium.TimeoutException">
            <message>
              <![CDATA[Timed out after 15 seconds waiting for presence of element located by: By.xpath: //a[contains(@href,'en_US/Cart-Show')]
Build info: version: '2.42.2', revision: '6a6995d31c7c56c340d6f45a76976d43506cd6cc', time: '2014-06-03 10:52:47'
System info: host: 'PUNRAZ.local', ip: '192.168.0.2', os.name: 'Mac OS X', os.arch: 'x86_64', os.version: '10.7.5', java.version: '1.6.0_65'
Driver info: driver.version: unknown]]>
            </message>
            <full-stacktrace>
              <![CDATA[org.openqa.selenium.TimeoutException: Timed out after 15 seconds waiting for presence of element located by: By.xpath: //a[contains(@href,'en_US/Cart-Show')]
Build info: version: '2.42.2', revision: '6a6995d31c7c56c340d6f45a76976d43506cd6cc', time: '2014-06-03 10:52:47'
System info: host: 'PUNRAZ.local', ip: '192.168.0.2', os.name: 'Mac OS X', os.arch: 'x86_64', os.version: '10.7.5', java.version: '1.6.0_65'
Driver info: driver.version: unknown
	at org.openqa.selenium.support.ui.FluentWait.timeoutException(FluentWait.java:259)
	at org.openqa.selenium.support.ui.FluentWait.until(FluentWait.java:228)
	at com.quiksilver.util.CommonMethods.fromMiniCartToCart(CommonMethods.java:1565)
	at com.quiksilver.test.GuestVisaCheckoutTest.getToStep1(GuestVisaCheckoutTest.java:69)
	at sun.reflect.NativeMethodAccessorImpl.invoke0(Native Method)
	at sun.reflect.NativeMethodAccessorImpl.invoke(NativeMethodAccessorImpl.java:39)
	at sun.reflect.DelegatingMethodAccessorImpl.invoke(DelegatingMethodAccessorImpl.java:25)
	at java.lang.reflect.Method.invoke(Method.java:597)
	at org.testng.internal.MethodInvocationHelper.invokeMethod(MethodInvocationHelper.java:84)
	at org.testng.internal.Invoker.invokeConfigurationMethod(Invoker.java:564)
	at org.testng.internal.Invoker.invokeConfigurations(Invoker.java:213)
	at org.testng.internal.Invoker.invokeMethod(Invoker.java:653)
	at org.testng.internal.Invoker.invokeTestMethod(Invoker.java:901)
	at org.testng.internal.Invoker.invokeTestMethods(Invoker.java:1231)
	at org.testng.internal.TestMethodWorker.invokeTestMethods(TestMethodWorker.java:127)
	at org.testng.internal.TestMethodWorker.run(TestMethodWorker.java:111)
	at org.testng.TestRunner.privateRun(TestRunner.java:767)
	at org.testng.TestRunner.run(TestRunner.java:617)
	at org.testng.SuiteRunner.runTest(SuiteRunner.java:334)
	at org.testng.SuiteRunner.runSequentially(SuiteRunner.java:329)
	at org.testng.SuiteRunner.privateRun(SuiteRunner.java:291)
	at org.testng.SuiteRunner.run(SuiteRunner.java:240)
	at org.testng.SuiteRunnerWorker.runSuite(SuiteRunnerWorker.java:52)
	at org.testng.SuiteRunnerWorker.run(SuiteRunnerWorker.java:86)
	at org.testng.TestNG.runSuitesSequentially(TestNG.java:1224)
	at org.testng.TestNG.runSuitesLocally(TestNG.java:1149)
	at org.testng.TestNG.run(TestNG.java:1057)
	at org.testng.remote.RemoteTestNG.run(RemoteTestNG.java:111)
	at org.testng.remote.RemoteTestNG.initAndRun(RemoteTestNG.java:204)
	at org.testng.remote.RemoteTestNG.main(RemoteTestNG.java:175)
Caused by: org.openqa.selenium.NoSuchElementException: no such element
  (Session info: chrome=36.0.1985.125)
  (Driver info: chromedriver=2.9.248307,platform=Mac OS X 10.7.5 x86_64) (WARNING: The server did not provide any stacktrace information)
Command duration or timeout: 6 milliseconds
For documentation on this error, please visit: http://seleniumhq.org/exceptions/no_such_element.html
Build info: version: '2.42.2', revision: '6a6995d31c7c56c340d6f45a76976d43506cd6cc', time: '2014-06-03 10:52:47'
System info: host: 'PUNRAZ.local', ip: '192.168.0.2', os.name: 'Mac OS X', os.arch: 'x86_64', os.version: '10.7.5', java.version: '1.6.0_65'
Session ID: 79ed583d6674367ceed013728b33d013
Driver info: org.openqa.selenium.chrome.ChromeDriver
Capabilities [{platform=MAC, acceptSslCerts=true, javascriptEnabled=true, browserName=chrome, chrome={userDataDir=/var/folders/vv/30lw1_z968g34f959mr38g3m0000gp/T/.org.chromium.Chromium.rvLZEt}, rotatable=false, locationContextEnabled=true, version=36.0.1985.125, takesHeapSnapshot=true, cssSelectorsEnabled=true, databaseEnabled=false, handlesAlerts=true, browserConnectionEnabled=false, nativeEvents=true, webStorageEnabled=true, applicationCacheEnabled=false, takesScreenshot=true}]
	at sun.reflect.GeneratedConstructorAccessor16.newInstance(Unknown Source)
	at sun.reflect.DelegatingConstructorAccessorImpl.newInstance(DelegatingConstructorAccessorImpl.java:27)
	at java.lang.reflect.Constructor.newInstance(Constructor.java:513)
	at org.openqa.selenium.remote.ErrorHandler.createThrowable(ErrorHandler.java:193)
	at org.openqa.selenium.remote.ErrorHandler.throwIfResponseFailed(ErrorHandler.java:145)
	at org.openqa.selenium.remote.RemoteWebDriver.execute(RemoteWebDriver.java:554)
	at org.openqa.selenium.remote.RemoteWebDriver.findElement(RemoteWebDriver.java:307)
	at org.openqa.selenium.remote.RemoteWebDriver.findElementByXPath(RemoteWebDriver.java:404)
	at org.openqa.selenium.By$ByXPath.findElement(By.java:357)
	at org.openqa.selenium.remote.RemoteWebDriver.findElement(RemoteWebDriver.java:299)
	at org.openqa.selenium.support.ui.ExpectedConditions.findElement(ExpectedConditions.java:730)
	at org.openqa.selenium.support.ui.ExpectedConditions.access$000(ExpectedConditions.java:39)
	at org.openqa.selenium.support.ui.ExpectedConditions$3.apply(ExpectedConditions.java:106)
	at org.openqa.selenium.support.ui.ExpectedConditions$3.apply(ExpectedConditions.java:103)
	at org.openqa.selenium.support.ui.FluentWait.until(FluentWait.java:208)
	... 28 more
]]>
            </full-stacktrace>
          </exception> <!-- org.openqa.selenium.TimeoutException -->
          <reporter-output>
            <line>
              <![CDATA[On Home page title is DC Shoes | Skate & Snowboard Quality Clothing]]>
            </line>
            <line>
              <![CDATA[On Subcat page title is Mens T-Shirts: Short and Long Sleeve Tees - DC Shoes]]>
            </line>
            <line>
              <![CDATA[On subcategory page title is 'Mens T-Shirts: Short and Long Sleeve Tees - DC Shoes']]>
            </line>
            <line>
              <![CDATA[On PDP page title is dcshoes RD UNIVERSITY TEE ADYZT03025 - DC Shoes]]>
            </line>
            <line>
              <![CDATA[None of the sizes are available for this product]]>
            </line>
          </reporter-output>
        </test-method> <!-- getToStep1 -->
        <test-method status="SKIP" signature="testGuestCheckoutVisa()[pri:0, instance:com.quiksilver.test.GuestVisaCheckoutTest@4737371]" name="testGuestCheckoutVisa" duration-ms="0" started-at="2014-08-10T22:47:23Z" finished-at="2014-08-10T22:47:23Z">
          <reporter-output>
          </reporter-output>
        </test-method> <!-- testGuestCheckoutVisa -->
        <test-method status="PASS" signature="tearDown()[pri:0, instance:com.quiksilver.test.GuestVisaCheckoutTest@4737371]" name="tearDown" is-config="true" duration-ms="617" started-at="2014-08-10T22:47:23Z" finished-at="2014-08-10T22:47:23Z">
          <reporter-output>
          </reporter-output>
        </test-method> <!-- tearDown -->
      </class> <!-- com.quiksilver.test.GuestVisaCheckoutTest -->
    </test> <!-- ChromeTest -->
    <test name="SafariTest" duration-ms="1" started-at="2014-08-11T05:47:23Z" finished-at="2014-08-11T05:47:23Z">
    </test> <!-- SafariTest -->
  </suite> <!-- Multibrowser_DC_Quiksilver -->
</testng-results>
